<?xml version="1.0" encoding="UTF-8"?>
<!-- Generated by org.testng.reporters.JUnitXMLReporter -->
<testsuite hostname="Piyush" ignored="0" name="FacebookTest" tests="3" failures="0" timestamp="27 Apr 2023 06:20:05 GMT" time="17.928" errors="0">
  <testcase name="test" time="0.228" classname="testcases.FacebookTest"/>
  <testcase name="test" time="0.215" classname="testcases.FacebookTest"/>
  <testcase name="test" time="0.212" classname="testcases.FacebookTest"/>
</testsuite> <!-- FacebookTest -->
