<?xml version="1.0" encoding="UTF-8"?>
<!-- Generated by org.testng.reporters.JUnitXMLReporter -->
<testsuite hostname="Piyush" ignored="0" name="FacebookTest" tests="3" failures="0" timestamp="2023-04-27T21:00:30 IST" time="21.217" errors="0">
  <testcase name="test" time="0.224" classname="testcases.FacebookTest"/>
  <testcase name="test" time="0.219" classname="testcases.FacebookTest"/>
  <testcase name="test" time="0.218" classname="testcases.FacebookTest"/>
</testsuite> <!-- FacebookTest -->
